# JRE version: OpenJDK Runtime Environment (21.0.6) (build 21.0.6+-13355223-b631.42)
# Java VM: OpenJDK 64-Bit Server VM (21.0.6+-13355223-b631.42, mixed mode, tiered, compressed oops, compressed class ptrs, g1 gc, windows-amd64)
GC Precious Log:
 CardTable entry size: 512
 Card Set container configuration: InlinePtr #cards 5 size 8 Array Of Cards #cards 12 size 40 Howl #buckets 4 coarsen threshold 1843 Howl Bitmap #cards 512 size 80 coarsen threshold 460 Card regions per heap region 1 cards per card region 2048
 CPUs: 12 total, 12 available
 Memory: 16251M
 Large Page Support: Disabled
 NUMA Support: Disabled
 Compressed Oops: Enabled (32-bit)
 Heap Region Size: 1M
 Heap Min Capacity: 256M
 Heap Initial Capacity: 256M
 Heap Max Capacity: 512M
 Pre-touch: Disabled
 Parallel Workers: 10
 Concurrent Workers: 3
 Concurrent Refinement Workers: 10
 Periodic GC: Disabled
Heap:
 garbage-first heap   total 262144K, used 234607K [0x00000000e0000000, 0x0000000100000000)
  region size 1024K, 127 young (130048K), 9 survivors (9216K)
 Metaspace       used 101727K, committed 103936K, reserved 458752K
  class space    used 13952K, committed 15040K, reserved 327680K
GC Heap History (20 events):
Event: 29.900 GC heap before
{Heap before GC invocations=3 (full 0):
 garbage-first heap   total 262144K, used 42510K [0x00000000e0000000, 0x0000000100000000)
  region size 1024K, 31 young (31744K), 6 survivors (6144K)
 Metaspace       used 21146K, committed 21504K, reserved 393216K
  class space    used 2460K, committed 2624K, reserved 327680K
}
Event: 29.903 GC heap after
{Heap after GC invocations=4 (full 0):
 garbage-first heap   total 262144K, used 20605K [0x00000000e0000000, 0x0000000100000000)
  region size 1024K, 9 young (9216K), 9 survivors (9216K)
 Metaspace       used 21146K, committed 21504K, reserved 393216K
  class space    used 2460K, committed 2624K, reserved 327680K
}
Event: 36.715 GC heap before
{Heap before GC invocations=5 (full 0):
 garbage-first heap   total 262144K, used 132221K [0x00000000e0000000, 0x0000000100000000)
  region size 1024K, 107 young (109568K), 9 survivors (9216K)
 Metaspace       used 35077K, committed 35968K, reserved 393216K
  class space    used 4728K, committed 5184K, reserved 327680K
}
Event: 36.722 GC heap after
{Heap after GC invocations=6 (full 0):
 garbage-first heap   total 262144K, used 42768K [0x00000000e0000000, 0x0000000100000000)
  region size 1024K, 17 young (17408K), 17 survivors (17408K)
 Metaspace       used 35077K, committed 35968K, reserved 393216K
  class space    used 4728K, committed 5184K, reserved 327680K
}
Event: 36.827 GC heap before
{Heap before GC invocations=6 (full 0):
 garbage-first heap   total 262144K, used 46864K [0x00000000e0000000, 0x0000000100000000)
  region size 1024K, 22 young (22528K), 17 survivors (17408K)
 Metaspace       used 35426K, committed 36288K, reserved 393216K
  class space    used 4789K, committed 5184K, reserved 327680K
}
Event: 36.833 GC heap after
{Heap after GC invocations=7 (full 0):
 garbage-first heap   total 262144K, used 43123K [0x00000000e0000000, 0x0000000100000000)
  region size 1024K, 10 young (10240K), 10 survivors (10240K)
 Metaspace       used 35426K, committed 36288K, reserved 393216K
  class space    used 4789K, committed 5184K, reserved 327680K
}
Event: 36.910 GC heap before
{Heap before GC invocations=7 (full 0):
 garbage-first heap   total 262144K, used 45171K [0x00000000e0000000, 0x0000000100000000)
  region size 1024K, 13 young (13312K), 10 survivors (10240K)
 Metaspace       used 35762K, committed 36608K, reserved 393216K
  class space    used 4852K, committed 5248K, reserved 327680K
}
Event: 36.913 GC heap after
{Heap after GC invocations=8 (full 0):
 garbage-first heap   total 262144K, used 42867K [0x00000000e0000000, 0x0000000100000000)
  region size 1024K, 10 young (10240K), 10 survivors (10240K)
 Metaspace       used 35762K, committed 36608K, reserved 393216K
  class space    used 4852K, committed 5248K, reserved 327680K
}
Event: 40.426 GC heap before
{Heap before GC invocations=9 (full 0):
 garbage-first heap   total 262144K, used 193395K [0x00000000e0000000, 0x0000000100000000)
  region size 1024K, 153 young (156672K), 10 survivors (10240K)
 Metaspace       used 55118K, committed 56576K, reserved 393216K
  class space    used 7435K, committed 8128K, reserved 327680K
}
Event: 40.434 GC heap after
{Heap after GC invocations=10 (full 0):
 garbage-first heap   total 262144K, used 53534K [0x00000000e0000000, 0x0000000100000000)
  region size 1024K, 20 young (20480K), 20 survivors (20480K)
 Metaspace       used 55118K, committed 56576K, reserved 393216K
  class space    used 7435K, committed 8128K, reserved 327680K
}
Event: 43.244 GC heap before
{Heap before GC invocations=10 (full 0):
 garbage-first heap   total 262144K, used 141598K [0x00000000e0000000, 0x0000000100000000)
  region size 1024K, 92 young (94208K), 20 survivors (20480K)
 Metaspace       used 59634K, committed 61248K, reserved 393216K
  class space    used 7958K, committed 8768K, reserved 327680K
}
Event: 43.254 GC heap after
{Heap after GC invocations=11 (full 0):
 garbage-first heap   total 262144K, used 72875K [0x00000000e0000000, 0x0000000100000000)
  region size 1024K, 17 young (17408K), 17 survivors (17408K)
 Metaspace       used 59634K, committed 61248K, reserved 393216K
  class space    used 7958K, committed 8768K, reserved 327680K
}
Event: 43.323 GC heap before
{Heap before GC invocations=11 (full 0):
 garbage-first heap   total 262144K, used 75947K [0x00000000e0000000, 0x0000000100000000)
  region size 1024K, 21 young (21504K), 17 survivors (17408K)
 Metaspace       used 59977K, committed 61568K, reserved 393216K
  class space    used 8035K, committed 8832K, reserved 327680K
}
Event: 43.330 GC heap after
{Heap after GC invocations=12 (full 0):
 garbage-first heap   total 262144K, used 73409K [0x00000000e0000000, 0x0000000100000000)
  region size 1024K, 7 young (7168K), 7 survivors (7168K)
 Metaspace       used 59977K, committed 61568K, reserved 393216K
  class space    used 8035K, committed 8832K, reserved 327680K
}
Event: 48.534 GC heap before
{Heap before GC invocations=13 (full 0):
 garbage-first heap   total 262144K, used 229057K [0x00000000e0000000, 0x0000000100000000)
  region size 1024K, 153 young (156672K), 7 survivors (7168K)
 Metaspace       used 74400K, committed 76288K, reserved 458752K
  class space    used 10170K, committed 11072K, reserved 327680K
}
Event: 48.540 GC heap after
{Heap after GC invocations=14 (full 0):
 garbage-first heap   total 262144K, used 88847K [0x00000000e0000000, 0x0000000100000000)
  region size 1024K, 15 young (15360K), 15 survivors (15360K)
 Metaspace       used 74400K, committed 76288K, reserved 458752K
  class space    used 10170K, committed 11072K, reserved 327680K
}
Event: 51.359 GC heap before
{Heap before GC invocations=14 (full 0):
 garbage-first heap   total 262144K, used 233231K [0x00000000e0000000, 0x0000000100000000)
  region size 1024K, 153 young (156672K), 15 survivors (15360K)
 Metaspace       used 85548K, committed 87616K, reserved 458752K
  class space    used 11799K, committed 12864K, reserved 327680K
}
Event: 51.368 GC heap after
{Heap after GC invocations=15 (full 0):
 garbage-first heap   total 262144K, used 98884K [0x00000000e0000000, 0x0000000100000000)
  region size 1024K, 16 young (16384K), 16 survivors (16384K)
 Metaspace       used 85548K, committed 87616K, reserved 458752K
  class space    used 11799K, committed 12864K, reserved 327680K
}
Event: 52.151 GC heap before
{Heap before GC invocations=15 (full 0):
 garbage-first heap   total 262144K, used 116292K [0x00000000e0000000, 0x0000000100000000)
  region size 1024K, 34 young (34816K), 16 survivors (16384K)
 Metaspace       used 86400K, committed 88512K, reserved 458752K
  class space    used 11891K, committed 12928K, reserved 327680K
}
Event: 52.158 GC heap after
{Heap after GC invocations=16 (full 0):
 garbage-first heap   total 262144K, used 100463K [0x00000000e0000000, 0x0000000100000000)
  region size 1024K, 9 young (9216K), 9 survivors (9216K)
 Metaspace       used 86400K, committed 88512K, reserved 458752K
  class space    used 11891K, committed 12928K, reserved 327680K
}

